2024/10/24 22:00:58 [notice] 1#1: using the "epoll" event method
2024/10/24 22:00:58 [notice] 1#1: nginx/1.27.2
2024/10/24 22:00:58 [notice] 1#1: built by gcc 13.2.1 20240309 (Alpine 13.2.1_git20240309) 
2024/10/24 22:00:58 [notice] 1#1: OS: Linux 6.8.0-47-generic
2024/10/24 22:00:58 [notice] 1#1: getrlimit(RLIMIT_NOFILE): 1048576:1048576
2024/10/24 22:00:58 [notice] 1#1: start worker processes
2024/10/24 22:00:58 [notice] 1#1: start worker process 28
2024/10/24 22:00:58 [notice] 1#1: start worker process 29
2024/10/24 22:00:58 [notice] 1#1: start worker process 30
2024/10/24 22:00:58 [notice] 1#1: start worker process 31
2024/10/24 22:14:05 [notice] 1#1: signal 3 (SIGQUIT) received, shutting down
2024/10/24 22:14:05 [notice] 29#29: gracefully shutting down
2024/10/24 22:14:05 [notice] 29#29: exiting
2024/10/24 22:14:05 [notice] 29#29: exit
2024/10/24 22:14:05 [notice] 28#28: gracefully shutting down
2024/10/24 22:14:05 [notice] 28#28: exiting
2024/10/24 22:14:05 [notice] 28#28: exit
2024/10/24 22:14:05 [notice] 30#30: gracefully shutting down
2024/10/24 22:14:05 [notice] 30#30: exiting
2024/10/24 22:14:05 [notice] 30#30: exit
2024/10/24 22:14:05 [notice] 31#31: gracefully shutting down
2024/10/24 22:14:05 [notice] 31#31: exiting
2024/10/24 22:14:05 [notice] 31#31: exit
2024/10/24 22:14:05 [notice] 1#1: signal 17 (SIGCHLD) received from 29
2024/10/24 22:14:05 [notice] 1#1: worker process 29 exited with code 0
2024/10/24 22:14:05 [notice] 1#1: signal 29 (SIGIO) received
2024/10/24 22:14:05 [notice] 1#1: signal 17 (SIGCHLD) received from 28
2024/10/24 22:14:05 [notice] 1#1: worker process 28 exited with code 0
2024/10/24 22:14:05 [notice] 1#1: worker process 30 exited with code 0
2024/10/24 22:14:05 [notice] 1#1: signal 29 (SIGIO) received
2024/10/24 22:14:05 [notice] 1#1: signal 17 (SIGCHLD) received from 31
2024/10/24 22:14:05 [notice] 1#1: worker process 31 exited with code 0
2024/10/24 22:14:05 [notice] 1#1: exit
2024/10/24 22:19:08 [notice] 1#1: using the "epoll" event method
2024/10/24 22:19:08 [notice] 1#1: nginx/1.27.2
2024/10/24 22:19:08 [notice] 1#1: built by gcc 13.2.1 20240309 (Alpine 13.2.1_git20240309) 
2024/10/24 22:19:08 [notice] 1#1: OS: Linux 6.8.0-47-generic
2024/10/24 22:19:08 [notice] 1#1: getrlimit(RLIMIT_NOFILE): 1048576:1048576
2024/10/24 22:19:08 [notice] 1#1: start worker processes
2024/10/24 22:19:08 [notice] 1#1: start worker process 29
2024/10/24 22:19:08 [notice] 1#1: start worker process 30
2024/10/24 22:19:08 [notice] 1#1: start worker process 31
2024/10/24 22:19:08 [notice] 1#1: start worker process 32
2024/10/25 00:30:28 [notice] 1#1: signal 3 (SIGQUIT) received, shutting down
2024/10/25 00:30:28 [notice] 30#30: gracefully shutting down
2024/10/25 00:30:28 [notice] 30#30: exiting
2024/10/25 00:30:28 [notice] 31#31: gracefully shutting down
2024/10/25 00:30:28 [notice] 31#31: exiting
2024/10/25 00:30:28 [notice] 32#32: gracefully shutting down
2024/10/25 00:30:28 [notice] 32#32: exiting
2024/10/25 00:30:28 [notice] 32#32: exit
2024/10/25 00:30:28 [notice] 30#30: exit
2024/10/25 00:30:28 [notice] 29#29: gracefully shutting down
2024/10/25 00:30:28 [notice] 29#29: exiting
2024/10/25 00:30:28 [notice] 29#29: exit
2024/10/25 00:30:28 [notice] 31#31: exit
2024/10/25 00:30:28 [notice] 1#1: signal 17 (SIGCHLD) received from 30
2024/10/25 00:30:28 [notice] 1#1: worker process 30 exited with code 0
2024/10/25 00:30:28 [notice] 1#1: worker process 31 exited with code 0
2024/10/25 00:30:28 [notice] 1#1: worker process 32 exited with code 0
2024/10/25 00:30:28 [notice] 1#1: signal 29 (SIGIO) received
2024/10/25 00:30:28 [notice] 1#1: signal 17 (SIGCHLD) received from 29
2024/10/25 00:30:28 [notice] 1#1: worker process 29 exited with code 0
2024/10/25 00:30:28 [notice] 1#1: exit
2024/10/25 19:29:48 [notice] 1#1: using the "epoll" event method
2024/10/25 19:29:48 [notice] 1#1: nginx/1.27.2
2024/10/25 19:29:48 [notice] 1#1: built by gcc 13.2.1 20240309 (Alpine 13.2.1_git20240309) 
2024/10/25 19:29:48 [notice] 1#1: OS: Linux 6.8.0-47-generic
2024/10/25 19:29:48 [notice] 1#1: getrlimit(RLIMIT_NOFILE): 1048576:1048576
2024/10/25 19:29:48 [notice] 1#1: start worker processes
2024/10/25 19:29:48 [notice] 1#1: start worker process 29
2024/10/25 19:29:48 [notice] 1#1: start worker process 30
2024/10/25 19:29:48 [notice] 1#1: start worker process 31
2024/10/25 19:29:48 [notice] 1#1: start worker process 32
2024/10/26 00:30:15 [warn] 29#29: *36 an upstream response is buffered to a temporary file /var/cache/nginx/fastcgi_temp/1/00/0000000001 while reading upstream, client: 172.25.0.1, server: , request: "GET /articles/1/edit HTTP/1.1", upstream: "fastcgi://172.25.0.4:9000", host: "localhost:8080", referrer: "http://localhost:8080/articles"
2024/10/26 02:24:18 [notice] 1#1: signal 3 (SIGQUIT) received, shutting down
2024/10/26 02:24:18 [notice] 29#29: gracefully shutting down
2024/10/26 02:24:18 [notice] 29#29: exiting
2024/10/26 02:24:18 [notice] 31#31: gracefully shutting down
2024/10/26 02:24:18 [notice] 31#31: exiting
2024/10/26 02:24:18 [notice] 29#29: exit
2024/10/26 02:24:18 [notice] 31#31: exit
2024/10/26 02:24:18 [notice] 32#32: gracefully shutting down
2024/10/26 02:24:18 [notice] 32#32: exiting
2024/10/26 02:24:18 [notice] 32#32: exit
2024/10/26 02:24:18 [notice] 30#30: gracefully shutting down
2024/10/26 02:24:18 [notice] 30#30: exiting
2024/10/26 02:24:18 [notice] 30#30: exit
2024/10/26 02:24:18 [notice] 1#1: signal 17 (SIGCHLD) received from 29
2024/10/26 02:24:18 [notice] 1#1: worker process 29 exited with code 0
2024/10/26 02:24:18 [notice] 1#1: signal 29 (SIGIO) received
2024/10/26 02:24:18 [notice] 1#1: signal 17 (SIGCHLD) received from 30
2024/10/26 02:24:18 [notice] 1#1: worker process 30 exited with code 0
2024/10/26 02:24:18 [notice] 1#1: signal 29 (SIGIO) received
2024/10/26 02:24:18 [notice] 1#1: signal 17 (SIGCHLD) received from 31
2024/10/26 02:24:18 [notice] 1#1: worker process 31 exited with code 0
2024/10/26 02:24:18 [notice] 1#1: signal 29 (SIGIO) received
2024/10/26 02:24:18 [notice] 1#1: signal 17 (SIGCHLD) received from 32
2024/10/26 02:24:18 [notice] 1#1: worker process 32 exited with code 0
2024/10/26 02:24:18 [notice] 1#1: exit
2024/10/28 22:16:19 [notice] 1#1: using the "epoll" event method
2024/10/28 22:16:19 [notice] 1#1: nginx/1.27.2
2024/10/28 22:16:19 [notice] 1#1: built by gcc 13.2.1 20240309 (Alpine 13.2.1_git20240309) 
2024/10/28 22:16:19 [notice] 1#1: OS: Linux 6.8.0-47-generic
2024/10/28 22:16:19 [notice] 1#1: getrlimit(RLIMIT_NOFILE): 1048576:1048576
2024/10/28 22:16:19 [notice] 1#1: start worker processes
2024/10/28 22:16:19 [notice] 1#1: start worker process 29
2024/10/28 22:16:19 [notice] 1#1: start worker process 30
2024/10/28 22:16:19 [notice] 1#1: start worker process 31
2024/10/28 22:16:19 [notice] 1#1: start worker process 32
2024/10/28 22:16:31 [notice] 1#1: signal 3 (SIGQUIT) received, shutting down
2024/10/28 22:16:31 [notice] 29#29: gracefully shutting down
2024/10/28 22:16:31 [notice] 32#32: gracefully shutting down
2024/10/28 22:16:31 [notice] 29#29: exiting
2024/10/28 22:16:31 [notice] 30#30: gracefully shutting down
2024/10/28 22:16:31 [notice] 32#32: exiting
2024/10/28 22:16:31 [notice] 30#30: exiting
2024/10/28 22:16:31 [notice] 29#29: exit
2024/10/28 22:16:31 [notice] 30#30: exit
2024/10/28 22:16:31 [notice] 32#32: exit
2024/10/28 22:16:31 [notice] 31#31: gracefully shutting down
2024/10/28 22:16:31 [notice] 31#31: exiting
2024/10/28 22:16:31 [notice] 31#31: exit
2024/10/28 22:16:31 [notice] 1#1: signal 17 (SIGCHLD) received from 29
2024/10/28 22:16:31 [notice] 1#1: worker process 29 exited with code 0
2024/10/28 22:16:31 [notice] 1#1: signal 29 (SIGIO) received
2024/10/28 22:16:31 [notice] 1#1: signal 17 (SIGCHLD) received from 32
2024/10/28 22:16:31 [notice] 1#1: worker process 32 exited with code 0
2024/10/28 22:16:31 [notice] 1#1: signal 29 (SIGIO) received
2024/10/28 22:16:31 [notice] 1#1: signal 17 (SIGCHLD) received from 30
2024/10/28 22:16:31 [notice] 1#1: worker process 30 exited with code 0
2024/10/28 22:16:31 [notice] 1#1: signal 29 (SIGIO) received
2024/10/28 22:16:31 [notice] 1#1: signal 17 (SIGCHLD) received from 31
2024/10/28 22:16:31 [notice] 1#1: worker process 31 exited with code 0
2024/10/28 22:16:31 [notice] 1#1: exit
2024/10/28 22:16:43 [notice] 1#1: using the "epoll" event method
2024/10/28 22:16:43 [notice] 1#1: nginx/1.27.2
2024/10/28 22:16:43 [notice] 1#1: built by gcc 13.2.1 20240309 (Alpine 13.2.1_git20240309) 
2024/10/28 22:16:43 [notice] 1#1: OS: Linux 6.8.0-47-generic
2024/10/28 22:16:43 [notice] 1#1: getrlimit(RLIMIT_NOFILE): 1048576:1048576
2024/10/28 22:16:43 [notice] 1#1: start worker processes
2024/10/28 22:16:43 [notice] 1#1: start worker process 28
2024/10/28 22:16:43 [notice] 1#1: start worker process 29
2024/10/28 22:16:43 [notice] 1#1: start worker process 30
2024/10/28 22:16:43 [notice] 1#1: start worker process 31
